<component name="libraryTable">
  <library name="junit-platform-console-standalone-1.9.11">
    <CLASSES>
      <root url="jar://$PROJECT_DIR$/Tema 4/zapatos/out/production/zapatos/lib/junit-platform-console-standalone-1.9.1.jar!/" />
    </CLASSES>
    <JAVADOC />
    <SOURCES />
  </library>
</component>